ORDER_PLACED: 9fcbe96b-69c9-4ec2-93b1-9d3b308e1125
ORDER 9fcbe96b-69c9-4ec2-93b1-9d3b308e1125 HOUSE_BOT SELL 39 500 1773111257466
ORDER_PLACED: 334193e5-4548-4665-8c2b-0707bad3b561
ORDER 334193e5-4548-4665-8c2b-0707bad3b561 HOUSE_BOT SELL 65 500 1773111257469
ORDER_PLACED: f857168d-a67f-42c3-914f-ec95793dc06b
ORDER f857168d-a67f-42c3-914f-ec95793dc06b USER123 SELL 45 100 1773111323887
ORDER_PLACED: e40b87e3-1222-4495-aa7b-766b5f20818c
ORDER e40b87e3-1222-4495-aa7b-766b5f20818c HOUSE_BOT SELL 39 500 1773111478206
ORDER_PLACED: a5ae4f1c-744a-4a40-8aea-eff9553702bb
ORDER a5ae4f1c-744a-4a40-8aea-eff9553702bb HOUSE_BOT SELL 65 500 1773111478209
ORDER_PLACED: 330319eb-0019-4a8b-bfc5-69a088962e9c
ORDER 330319eb-0019-4a8b-bfc5-69a088962e9c HOUSE_BOT BUY 35 500 1773111529515
ORDER_PLACED: 3c08e5d7-4dd8-443e-82de-48b4697ae940
ORDER 3c08e5d7-4dd8-443e-82de-48b4697ae940 HOUSE_BOT SELL 39 500 1773111529517
ORDER_PLACED: 96335740-3c15-42cf-b14b-3eb7ccc1aa61
ORDER 96335740-3c15-42cf-b14b-3eb7ccc1aa61 HOUSE_BOT BUY 61 500 1773111529517
ORDER_PLACED: 9f035132-ca79-4084-b9c8-bf0e7e9ee066
ORDER 9f035132-ca79-4084-b9c8-bf0e7e9ee066 HOUSE_BOT SELL 65 500 1773111529518
ORDER_PLACED: fe49922a-2f1d-4191-99a7-935923ca05ff
ORDER fe49922a-2f1d-4191-99a7-935923ca05ff HOUSE_BOT BUY 35 500 1773111619461
ORDER_PLACED: 37d97bf0-c039-48df-b5b6-0a33862fb02d
ORDER 37d97bf0-c039-48df-b5b6-0a33862fb02d HOUSE_BOT SELL 39 500 1773111619462
ORDER_PLACED: 7b25c777-68c7-4981-926a-f87994af2220
ORDER 7b25c777-68c7-4981-926a-f87994af2220 HOUSE_BOT BUY 61 500 1773111619462
ORDER_PLACED: dda4ba2d-034c-45b1-9e5b-bd21e0c17254
ORDER dda4ba2d-034c-45b1-9e5b-bd21e0c17254 HOUSE_BOT SELL 65 500 1773111619462
ORDER_PLACED: f83ceb7a-6484-4c14-a811-41dccc23c45a
ORDER f83ceb7a-6484-4c14-a811-41dccc23c45a HOUSE_BOT SELL 52 500 1773115355538
ORDER_PLACED: beed7c8f-5422-4fa5-a2c0-379edc41924d
ORDER beed7c8f-5422-4fa5-a2c0-379edc41924d HOUSE_BOT SELL 52 500 1773115355540
ORDER_PLACED: 4088cdcc-5d72-4a05-bd7b-aef37940f405
ORDER 4088cdcc-5d72-4a05-bd7b-aef37940f405 HOUSE_BOT SELL 52 500 1773115422800
ORDER_PLACED: 052f3f2f-1a59-4bd8-998e-815b1c457976
ORDER 052f3f2f-1a59-4bd8-998e-815b1c457976 HOUSE_BOT SELL 52 500 1773115422803
ORDER_PLACED: 19e3ed26-b804-42a3-bcbc-b7d9c1d84912
ORDER 19e3ed26-b804-42a3-bcbc-b7d9c1d84912 HOUSE_BOT SELL 52 500 1773115432535
ORDER_PLACED: a1fa2e30-dba1-4ddf-8d8d-28bb3c8785af
ORDER a1fa2e30-dba1-4ddf-8d8d-28bb3c8785af HOUSE_BOT SELL 52 500 1773115432536
ORDER_PLACED: b7ded81f-58ed-4723-a693-9fb313fb7224
ORDER b7ded81f-58ed-4723-a693-9fb313fb7224 HOUSE_BOT SELL 52 500 1773115517554
ORDER_PLACED: 070db175-751a-4a57-953e-862ea50f16d7
ORDER 070db175-751a-4a57-953e-862ea50f16d7 HOUSE_BOT SELL 52 500 1773115517557
ORDER_PLACED: f5a62e4e-9b94-4ce5-bc2d-2df3fee64a5d
ORDER f5a62e4e-9b94-4ce5-bc2d-2df3fee64a5d TEST_USER SELL 48 100 1773115543826
ORDER_PLACED: 50babf85-2f52-44d7-b02b-78653bcfa0c0
ORDER 50babf85-2f52-44d7-b02b-78653bcfa0c0 HOUSE_BOT SELL 52 500 1773180225213
ORDER_PLACED: 1c800282-d925-4b30-ab5b-6456dd49f780
ORDER 1c800282-d925-4b30-ab5b-6456dd49f780 HOUSE_BOT SELL 52 500 1773180225216
ORDER_PLACED: b49d3f7e-e844-494b-8859-d9217aaf69da
ORDER b49d3f7e-e844-494b-8859-d9217aaf69da TRADER1 SELL 52 100 1773180255539
ORDER_PLACED: a94818b6-1ad8-4976-b862-664729216038
ORDER a94818b6-1ad8-4976-b862-664729216038 TRADER1 SELL 48 50 1773180283856
ORDER_PLACED: 13876ec9-beed-4de5-b979-f7d5f0c2a03b
ORDER 13876ec9-beed-4de5-b979-f7d5f0c2a03b TRADER2 BUY 52 100 1773180298567
TRADE 13876ec9-beed-4de5-b979-f7d5f0c2a03b a94818b6-1ad8-4976-b862-664729216038 48 50 1773180298567
TRADE 13876ec9-beed-4de5-b979-f7d5f0c2a03b 50babf85-2f52-44d7-b02b-78653bcfa0c0 52 50 1773180298567
TRADE_SETTLED: 13876ec9-beed-4de5-b979-f7d5f0c2a03b <-> a94818b6-1ad8-4976-b862-664729216038
TRADE_SETTLED: 13876ec9-beed-4de5-b979-f7d5f0c2a03b <-> 50babf85-2f52-44d7-b02b-78653bcfa0c0
ORDER_PLACED: 5e3586db-0b48-4c10-bdcd-daca7d0ce198
ORDER 5e3586db-0b48-4c10-bdcd-daca7d0ce198 TRADER2 BUY 52 50 1773180328151
TRADE 5e3586db-0b48-4c10-bdcd-daca7d0ce198 50babf85-2f52-44d7-b02b-78653bcfa0c0 52 50 1773180328152
TRADE_SETTLED: 5e3586db-0b48-4c10-bdcd-daca7d0ce198 <-> 50babf85-2f52-44d7-b02b-78653bcfa0c0
ORDER_PLACED: 857255b7-251a-41c4-8c1c-813aa64cce41
ORDER 857255b7-251a-41c4-8c1c-813aa64cce41 HOUSE_BOT SELL 52 500 1773180526243
ORDER_PLACED: 93c5368c-c8cb-4b48-9376-c7025e61548e
ORDER 93c5368c-c8cb-4b48-9376-c7025e61548e HOUSE_BOT SELL 52 500 1773180526351
ORDER_PLACED: 27baed26-7b91-4e97-9a81-cfa552da5385
ORDER 27baed26-7b91-4e97-9a81-cfa552da5385 TRADER BUY 52 100 1773180554676
TRADE 27baed26-7b91-4e97-9a81-cfa552da5385 857255b7-251a-41c4-8c1c-813aa64cce41 52 100 1773180554677
TRADE_SETTLED: 27baed26-7b91-4e97-9a81-cfa552da5385 <-> 857255b7-251a-41c4-8c1c-813aa64cce41
ORDER_PLACED: HOUSE_BOT-FINAL_Y-SELL-1773180610141
ORDER HOUSE_BOT-FINAL_Y-SELL-1773180610141 HOUSE_BOT SELL 52 500 1773180610141
ORDER_PLACED: HOUSE_BOT-FINAL_N-SELL-1773180610249
ORDER HOUSE_BOT-FINAL_N-SELL-1773180610249 HOUSE_BOT SELL 52 500 1773180610249
ORDER_PLACED: ffec44af-35e2-42dc-8c26-1b907a3c7c08
ORDER ffec44af-35e2-42dc-8c26-1b907a3c7c08 TEST_USER BUY 52 50 1773180612508
TRADE ffec44af-35e2-42dc-8c26-1b907a3c7c08 HOUSE_BOT-FINAL_Y-SELL-1773180610141 52 50 1773180612510
TRADE_SETTLED: ffec44af-35e2-42dc-8c26-1b907a3c7c08 <-> HOUSE_BOT-FINAL_Y-SELL-1773180610141
ORDER_PLACED: HOUSE_BOT-FINAL_Y-SELL-1773180612515
ORDER HOUSE_BOT-FINAL_Y-SELL-1773180612515 HOUSE_BOT SELL 52 500 1773180612515
ORDER_PLACED: HOUSE_BOT-FINAL_N-SELL-1773180612616
ORDER HOUSE_BOT-FINAL_N-SELL-1773180612616 HOUSE_BOT SELL 52 500 1773180612616
ORDER_PLACED: 61b5c74b-0a60-417b-ac6e-949bda9047b6
ORDER 61b5c74b-0a60-417b-ac6e-949bda9047b6 TEST_USER2 BUY 52 50 1773180644089
TRADE 61b5c74b-0a60-417b-ac6e-949bda9047b6 HOUSE_BOT-FINAL_Y-SELL-1773180612515 52 50 1773180644091
TRADE_SETTLED: 61b5c74b-0a60-417b-ac6e-949bda9047b6 <-> HOUSE_BOT-FINAL_Y-SELL-1773180612515
ORDER_PLACED: HOUSE_BOT-FINAL_Y-SELL-1773180644093
ORDER HOUSE_BOT-FINAL_Y-SELL-1773180644093 HOUSE_BOT SELL 52 500 1773180644093
ORDER_PLACED: HOUSE_BOT-FINAL_N-SELL-1773180644199
ORDER HOUSE_BOT-FINAL_N-SELL-1773180644199 HOUSE_BOT SELL 52 500 1773180644199
ORDER_PLACED: HOUSE_BOT-LAKERS_Y-SELL-1773180714856
ORDER HOUSE_BOT-LAKERS_Y-SELL-1773180714856 HOUSE_BOT SELL 52 500 1773180714856
ORDER_PLACED: HOUSE_BOT-LAKERS_N-SELL-1773180714963
ORDER HOUSE_BOT-LAKERS_N-SELL-1773180714963 HOUSE_BOT SELL 52 500 1773180714963
ORDER_PLACED: df2f3319-dd7e-4494-9060-6dd02491f654
ORDER df2f3319-dd7e-4494-9060-6dd02491f654 TRADER1 BUY 52 100 1773182089056
ORDER_PLACED: HOUSE_BOT-FIX_Y-SELL-1773182231959
ORDER HOUSE_BOT-FIX_Y-SELL-1773182231959 HOUSE_BOT SELL 52 500 1773182231959
ORDER_PLACED: HOUSE_BOT-FIX_N-SELL-1773182232068
ORDER HOUSE_BOT-FIX_N-SELL-1773182232068 HOUSE_BOT SELL 52 500 1773182232068
ORDER_PLACED: HOUSE_BOT-SETTLE_Y-SELL-1773182489558
ORDER HOUSE_BOT-SETTLE_Y-SELL-1773182489558 HOUSE_BOT SELL 52 500 1773182489558
ORDER_PLACED: HOUSE_BOT-SETTLE_N-SELL-1773182489666
ORDER HOUSE_BOT-SETTLE_N-SELL-1773182489666 HOUSE_BOT SELL 52 500 1773182489666
ORDER_PLACED: ae9ef9c4-1eed-4a3a-a0b2-9423d5f349d2
ORDER ae9ef9c4-1eed-4a3a-a0b2-9423d5f349d2 BLOCK_TEST BUY 52 100 1773182491902
ORDER_PLACED: HOUSE_BOT-FRESH_Y-SELL-1773182557013
ORDER HOUSE_BOT-FRESH_Y-SELL-1773182557013 HOUSE_BOT SELL 52 500 1773182557013
ORDER_PLACED: HOUSE_BOT-FRESH_N-SELL-1773182557125
ORDER HOUSE_BOT-FRESH_N-SELL-1773182557125 HOUSE_BOT SELL 52 500 1773182557125
ORDER_PLACED: d0c1f18e-4498-4330-b0c6-07ea30fa05a6
ORDER d0c1f18e-4498-4330-b0c6-07ea30fa05a6 FRESH_USER BUY 52 100 1773182567228
ORDER_PLACED: HOUSE_BOT-FINAL_Y-SELL-1773182608916
ORDER HOUSE_BOT-FINAL_Y-SELL-1773182608916 HOUSE_BOT SELL 52 500 1773182608916
ORDER_PLACED: HOUSE_BOT-FINAL_N-SELL-1773182609027
ORDER HOUSE_BOT-FINAL_N-SELL-1773182609027 HOUSE_BOT SELL 52 500 1773182609027
ORDER_PLACED: 07818452-8d0f-42c5-8c96-bde654e88df9
ORDER 07818452-8d0f-42c5-8c96-bde654e88df9 BLOCK_USER BUY 52 100 1773182611196
ORDER_PLACED: HOUSE_BOT-ENUM_Y-SELL-1773182929676
ORDER HOUSE_BOT-ENUM_Y-SELL-1773182929676 HOUSE_BOT SELL 52 500 1773182929676
ORDER_PLACED: HOUSE_BOT-ENUM_N-SELL-1773182929781
ORDER HOUSE_BOT-ENUM_N-SELL-1773182929781 HOUSE_BOT SELL 52 500 1773182929781
ORDER_PLACED: HOUSE_BOT-E2E_Y-SELL-1773183005330
ORDER HOUSE_BOT-E2E_Y-SELL-1773183005330 HOUSE_BOT SELL 52 500 1773183005330
ORDER_PLACED: HOUSE_BOT-E2E_N-SELL-1773183005332
ORDER HOUSE_BOT-E2E_N-SELL-1773183005332 HOUSE_BOT SELL 52 500 1773183005332
ORDER_PLACED: HOUSE_BOT-E2E_Y-SELL-1773183131060
ORDER HOUSE_BOT-E2E_Y-SELL-1773183131060 HOUSE_BOT SELL 52 500 1773183131060
ORDER_PLACED: HOUSE_BOT-E2E_N-SELL-1773183131061
ORDER HOUSE_BOT-E2E_N-SELL-1773183131061 HOUSE_BOT SELL 52 500 1773183131061
ORDER_PLACED: 15edb532-ebe5-4587-82b1-22a2927369f2
ORDER 15edb532-ebe5-4587-82b1-22a2927369f2 E2E_TRADER BUY 52 100 1773183166506
TRADE 15edb532-ebe5-4587-82b1-22a2927369f2 HOUSE_BOT-E2E_Y-SELL-1773183131060 52 100 1773183166507
TRADE_SETTLED: 15edb532-ebe5-4587-82b1-22a2927369f2 <-> HOUSE_BOT-E2E_Y-SELL-1773183131060
ORDER_PLACED: HOUSE_BOT-E2E_Y-SELL-1773183166514
ORDER HOUSE_BOT-E2E_Y-SELL-1773183166514 HOUSE_BOT SELL 52 500 1773183166514
ORDER_PLACED: HOUSE_BOT-E2E_N-SELL-1773183166514
ORDER HOUSE_BOT-E2E_N-SELL-1773183166514 HOUSE_BOT SELL 52 500 1773183166514
ORDER_PLACED: HOUSE_BOT-DEBUG_Y-SELL-1773183287280
ORDER HOUSE_BOT-DEBUG_Y-SELL-1773183287280 HOUSE_BOT SELL 52 500 1773183287280
ORDER_PLACED: HOUSE_BOT-DEBUG_N-SELL-1773183287284
ORDER HOUSE_BOT-DEBUG_N-SELL-1773183287284 HOUSE_BOT SELL 52 500 1773183287284
ORDER_PLACED: HOUSE_BOT-TRACE_Y-SELL-1773183356717
ORDER HOUSE_BOT-TRACE_Y-SELL-1773183356717 HOUSE_BOT SELL 52 500 1773183356717
ORDER_PLACED: HOUSE_BOT-TRACE_N-SELL-1773183356722
ORDER HOUSE_BOT-TRACE_N-SELL-1773183356722 HOUSE_BOT SELL 52 500 1773183356722
ORDER_PLACED: HOUSE_BOT-CASH_Y-BUY-1773183416028
ORDER HOUSE_BOT-CASH_Y-BUY-1773183416028 HOUSE_BOT BUY 48 500 1773183416028
ORDER_PLACED: HOUSE_BOT-CASH_Y-SELL-1773183416033
ORDER HOUSE_BOT-CASH_Y-SELL-1773183416033 HOUSE_BOT SELL 52 500 1773183416033
ORDER_PLACED: HOUSE_BOT-CASH_N-BUY-1773183416034
ORDER HOUSE_BOT-CASH_N-BUY-1773183416034 HOUSE_BOT BUY 48 500 1773183416034
ORDER_PLACED: HOUSE_BOT-CASH_N-SELL-1773183416034
ORDER HOUSE_BOT-CASH_N-SELL-1773183416034 HOUSE_BOT SELL 52 500 1773183416034
ORDER_PLACED: HOUSE_BOT-CASH_Y-BUY-1773183490652
ORDER HOUSE_BOT-CASH_Y-BUY-1773183490652 HOUSE_BOT BUY 48 500 1773183490652
ORDER_PLACED: HOUSE_BOT-CASH_Y-SELL-1773183490653
ORDER HOUSE_BOT-CASH_Y-SELL-1773183490653 HOUSE_BOT SELL 52 500 1773183490653
ORDER_PLACED: HOUSE_BOT-CASH_N-BUY-1773183490653
ORDER HOUSE_BOT-CASH_N-BUY-1773183490653 HOUSE_BOT BUY 48 500 1773183490653
ORDER_PLACED: HOUSE_BOT-CASH_N-SELL-1773183490653
ORDER HOUSE_BOT-CASH_N-SELL-1773183490653 HOUSE_BOT SELL 52 500 1773183490653
ORDER_PLACED: a08fd557-f51b-47c3-9dce-72cd6878db5d
ORDER a08fd557-f51b-47c3-9dce-72cd6878db5d TRADER_TEST BUY 52 100 1773183525895
TRADE a08fd557-f51b-47c3-9dce-72cd6878db5d HOUSE_BOT-CASH_Y-SELL-1773183490653 52 100 1773183525897
TRADE_SETTLED: a08fd557-f51b-47c3-9dce-72cd6878db5d <-> HOUSE_BOT-CASH_Y-SELL-1773183490653
ORDER_PLACED: HOUSE_BOT-CASH_Y-BUY-1773183525900
ORDER HOUSE_BOT-CASH_Y-BUY-1773183525900 HOUSE_BOT BUY 48 500 1773183525900
ORDER_PLACED: HOUSE_BOT-CASH_Y-SELL-1773183525901
ORDER HOUSE_BOT-CASH_Y-SELL-1773183525901 HOUSE_BOT SELL 52 500 1773183525901
ORDER_PLACED: HOUSE_BOT-CASH_N-BUY-1773183525901
ORDER HOUSE_BOT-CASH_N-BUY-1773183525901 HOUSE_BOT BUY 48 500 1773183525901
ORDER_PLACED: HOUSE_BOT-CASH_N-SELL-1773183525902
ORDER HOUSE_BOT-CASH_N-SELL-1773183525902 HOUSE_BOT SELL 52 500 1773183525902
ORDER_PLACED: HOUSE_BOT-PROD_Y-BUY-1773183593439
ORDER HOUSE_BOT-PROD_Y-BUY-1773183593439 HOUSE_BOT BUY 48 500 1773183593440
ORDER_PLACED: HOUSE_BOT-PROD_Y-SELL-1773183593442
ORDER HOUSE_BOT-PROD_Y-SELL-1773183593442 HOUSE_BOT SELL 52 500 1773183593442
ORDER_PLACED: HOUSE_BOT-PROD_N-BUY-1773183593443
ORDER HOUSE_BOT-PROD_N-BUY-1773183593443 HOUSE_BOT BUY 48 500 1773183593443
ORDER_PLACED: HOUSE_BOT-PROD_N-SELL-1773183593443
ORDER HOUSE_BOT-PROD_N-SELL-1773183593443 HOUSE_BOT SELL 52 500 1773183593443
ORDER_PLACED: 6d3c662b-89c8-484d-98be-bd5d5e39b76a
ORDER 6d3c662b-89c8-484d-98be-bd5d5e39b76a PROD_TRADER BUY 52 50 1773183601183
TRADE 6d3c662b-89c8-484d-98be-bd5d5e39b76a HOUSE_BOT-PROD_Y-SELL-1773183593442 52 50 1773183601184
TRADE_SETTLED: 6d3c662b-89c8-484d-98be-bd5d5e39b76a <-> HOUSE_BOT-PROD_Y-SELL-1773183593442
ORDER_PLACED: HOUSE_BOT-PROD_Y-BUY-1773183601186
ORDER HOUSE_BOT-PROD_Y-BUY-1773183601186 HOUSE_BOT BUY 48 500 1773183601186
ORDER_PLACED: HOUSE_BOT-PROD_Y-SELL-1773183601186
ORDER HOUSE_BOT-PROD_Y-SELL-1773183601186 HOUSE_BOT SELL 52 500 1773183601186
ORDER_PLACED: HOUSE_BOT-PROD_N-BUY-1773183601186
ORDER HOUSE_BOT-PROD_N-BUY-1773183601186 HOUSE_BOT BUY 48 500 1773183601186
ORDER_PLACED: HOUSE_BOT-PROD_N-SELL-1773183601186
ORDER HOUSE_BOT-PROD_N-SELL-1773183601186 HOUSE_BOT SELL 52 500 1773183601186
