ORDER_PLACED: HOUSE_BOT-LAKERS_Y-BUY-1773184182557
ORDER HOUSE_BOT-LAKERS_Y-BUY-1773184182557 HOUSE_BOT BUY 48 500 1773184182557
ORDER_PLACED: HOUSE_BOT-LAKERS_Y-SELL-1773184182561
ORDER HOUSE_BOT-LAKERS_Y-SELL-1773184182561 HOUSE_BOT SELL 52 500 1773184182561
ORDER_PLACED: HOUSE_BOT-LAKERS_N-BUY-1773184182562
ORDER HOUSE_BOT-LAKERS_N-BUY-1773184182562 HOUSE_BOT BUY 48 500 1773184182562
ORDER_PLACED: HOUSE_BOT-LAKERS_N-SELL-1773184182562
ORDER HOUSE_BOT-LAKERS_N-SELL-1773184182562 HOUSE_BOT SELL 52 500 1773184182562
ORDER_PLACED: HOUSE_BOT-POSTMAN_Y-BUY-1773186601361
ORDER HOUSE_BOT-POSTMAN_Y-BUY-1773186601361 HOUSE_BOT BUY 48 500 1773186601361
ORDER_PLACED: HOUSE_BOT-POSTMAN_Y-SELL-1773186601365
ORDER HOUSE_BOT-POSTMAN_Y-SELL-1773186601365 HOUSE_BOT SELL 52 500 1773186601365
ORDER_PLACED: HOUSE_BOT-POSTMAN_N-BUY-1773186601365
ORDER HOUSE_BOT-POSTMAN_N-BUY-1773186601365 HOUSE_BOT BUY 48 500 1773186601365
ORDER_PLACED: HOUSE_BOT-POSTMAN_N-SELL-1773186601365
ORDER HOUSE_BOT-POSTMAN_N-SELL-1773186601365 HOUSE_BOT SELL 52 500 1773186601365
ORDER_PLACED: 5b2de25a-ae2f-4870-a818-b8f03dd8bc1f
ORDER 5b2de25a-ae2f-4870-a818-b8f03dd8bc1f TRADER_ALICE BUY 52 200 1773186725079
TRADE 5b2de25a-ae2f-4870-a818-b8f03dd8bc1f HOUSE_BOT-POSTMAN_Y-SELL-1773186601365 52 200 1773186725080
TRADE_SETTLED: 5b2de25a-ae2f-4870-a818-b8f03dd8bc1f <-> HOUSE_BOT-POSTMAN_Y-SELL-1773186601365
ORDER_PLACED: HOUSE_BOT-POSTMAN_Y-BUY-1773186725084
ORDER HOUSE_BOT-POSTMAN_Y-BUY-1773186725084 HOUSE_BOT BUY 48 500 1773186725084
ORDER_PLACED: HOUSE_BOT-POSTMAN_Y-SELL-1773186725084
ORDER HOUSE_BOT-POSTMAN_Y-SELL-1773186725084 HOUSE_BOT SELL 52 500 1773186725084
ORDER_PLACED: HOUSE_BOT-POSTMAN_N-BUY-1773186725084
ORDER HOUSE_BOT-POSTMAN_N-BUY-1773186725084 HOUSE_BOT BUY 48 500 1773186725084
ORDER_PLACED: HOUSE_BOT-POSTMAN_N-SELL-1773186725084
ORDER HOUSE_BOT-POSTMAN_N-SELL-1773186725084 HOUSE_BOT SELL 52 500 1773186725084
ORDER_PLACED: 5da566f9-37f3-4900-a119-8fdb4eb4125b
ORDER 5da566f9-37f3-4900-a119-8fdb4eb4125b TRADER_BOB BUY 48 150 1773186910682
ORDER_PLACED: HOUSE_BOT-POSTMAN_Y-BUY-1773187204510
ORDER HOUSE_BOT-POSTMAN_Y-BUY-1773187204510 HOUSE_BOT BUY 48 500 1773187204510
ORDER_PLACED: HOUSE_BOT-POSTMAN_Y-SELL-1773187204512
ORDER HOUSE_BOT-POSTMAN_Y-SELL-1773187204512 HOUSE_BOT SELL 52 500 1773187204512
ORDER_PLACED: HOUSE_BOT-POSTMAN_N-BUY-1773187204513
ORDER HOUSE_BOT-POSTMAN_N-BUY-1773187204513 HOUSE_BOT BUY 48 500 1773187204513
ORDER_PLACED: HOUSE_BOT-POSTMAN_N-SELL-1773187204513
ORDER HOUSE_BOT-POSTMAN_N-SELL-1773187204513 HOUSE_BOT SELL 52 500 1773187204513
