ORDER 555a6afb-fb3e-41c5-9544-cdbc96ed4fa2 seller1 SELL 100 10 1771557534336
ORDER c5077dcb-c587-4543-9c0b-3da1589504a8 buyer1 BUY 105 4 1771557534365
TRADE c5077dcb-c587-4543-9c0b-3da1589504a8 555a6afb-fb3e-41c5-9544-cdbc96ed4fa2 100 4 1771557534365
ORDER f4b788e6-632c-48c1-9eff-30880619b16d buyer2 BUY 100 6 1771557534365
TRADE f4b788e6-632c-48c1-9eff-30880619b16d 555a6afb-fb3e-41c5-9544-cdbc96ed4fa2 100 6 1771557534366
ORDER 729e42d0-bf4a-4dbd-a666-3adb0fd9c136 seller1 SELL 100 10 1772083565558
ORDER c64a2e5d-1e54-4568-bee3-990fe3cde36b buyer1 BUY 105 4 1772083565592
TRADE c64a2e5d-1e54-4568-bee3-990fe3cde36b 729e42d0-bf4a-4dbd-a666-3adb0fd9c136 100 4 1772083565592
ORDER 92220288-5c9e-4a1a-9a10-88d14f297953 buyer2 BUY 100 6 1772083565593
TRADE 92220288-5c9e-4a1a-9a10-88d14f297953 729e42d0-bf4a-4dbd-a666-3adb0fd9c136 100 6 1772083565593
ORDER 9e2a8036-019a-48e2-a22a-f3e2bf1dd1cc seller1 SELL 100 10
ORDER 9e2a8036-019a-48e2-a22a-f3e2bf1dd1cc seller1 SELL 100 10 1772083565594
ORDER 278fdfd7-6893-4d50-923a-0a694dca0884 buyer1 BUY 105 4
ORDER 278fdfd7-6893-4d50-923a-0a694dca0884 buyer1 BUY 105 4 1772083565594
TRADE 278fdfd7-6893-4d50-923a-0a694dca0884 9e2a8036-019a-48e2-a22a-f3e2bf1dd1cc 100 4 1772083565594
TRADE 278fdfd7-6893-4d50-923a-0a694dca0884 9e2a8036-019a-48e2-a22a-f3e2bf1dd1cc 100 4
ORDER 02956e10-2d87-4a95-93e1-5c9de14c0d0b buyer1 BUY 100 6
ORDER 02956e10-2d87-4a95-93e1-5c9de14c0d0b buyer1 BUY 100 6 1772083565594
TRADE 02956e10-2d87-4a95-93e1-5c9de14c0d0b 9e2a8036-019a-48e2-a22a-f3e2bf1dd1cc 100 6 1772083565595
TRADE 02956e10-2d87-4a95-93e1-5c9de14c0d0b 9e2a8036-019a-48e2-a22a-f3e2bf1dd1cc 100 6
ORDER 64cbfaf9-f583-44fc-a836-1187c5003ebe seller1 SELL 100 10 1772670798630
ORDER d69ce365-223d-4776-a5dd-d30cc7a8a912 buyer1 BUY 105 4 1772670798732
TRADE d69ce365-223d-4776-a5dd-d30cc7a8a912 64cbfaf9-f583-44fc-a836-1187c5003ebe 100 4 1772670798733
ORDER 8891349c-44e5-408c-8ce0-989ec39e24ca buyer2 BUY 100 6 1772670798734
TRADE 8891349c-44e5-408c-8ce0-989ec39e24ca 64cbfaf9-f583-44fc-a836-1187c5003ebe 100 6 1772670798734
ORDER 0b7b68d9-c8d6-4cda-a3c5-f6aa4e9d1330 seller1 SELL 100 10
ORDER 0b7b68d9-c8d6-4cda-a3c5-f6aa4e9d1330 seller1 SELL 100 10 1772670871847
ORDER 0b5e5139-84c9-4698-a906-e868092f3308 buyer1 BUY 105 4
ORDER 0b5e5139-84c9-4698-a906-e868092f3308 buyer1 BUY 105 4 1772670872856
TRADE 0b5e5139-84c9-4698-a906-e868092f3308 0b7b68d9-c8d6-4cda-a3c5-f6aa4e9d1330 100 4 1772671176205
TRADE 0b5e5139-84c9-4698-a906-e868092f3308 0b7b68d9-c8d6-4cda-a3c5-f6aa4e9d1330 100 4
ORDER b2557f88-8c0f-446d-8e70-010b17b2c2c8 buyer1 BUY 100 6
ORDER b2557f88-8c0f-446d-8e70-010b17b2c2c8 buyer1 BUY 100 6 1772670876431
TRADE b2557f88-8c0f-446d-8e70-010b17b2c2c8 0b7b68d9-c8d6-4cda-a3c5-f6aa4e9d1330 100 6 1772671176208
TRADE b2557f88-8c0f-446d-8e70-010b17b2c2c8 0b7b68d9-c8d6-4cda-a3c5-f6aa4e9d1330 100 6
ORDER 9ebc90e5-eac2-4ed2-bd23-87dc5f9fad78 seller1 SELL 100 10 1772671494015
ORDER e6791c03-baf8-4f62-8742-ca2046593854 buyer1 BUY 105 4 1772671494047
TRADE e6791c03-baf8-4f62-8742-ca2046593854 9ebc90e5-eac2-4ed2-bd23-87dc5f9fad78 100 4 1772671494047
ORDER d6177034-7805-4d88-a13c-ccff65a03a40 buyer2 BUY 100 6 1772671494049
TRADE d6177034-7805-4d88-a13c-ccff65a03a40 9ebc90e5-eac2-4ed2-bd23-87dc5f9fad78 100 6 1772671494049
ORDER 759faf99-a021-4608-bdc7-656bfa915a95 seller1 SELL 100 10
ORDER 759faf99-a021-4608-bdc7-656bfa915a95 seller1 SELL 100 10 1772671494058
ORDER f3bd642f-8fa9-4d48-94e7-04bcbb39e49a buyer1 BUY 105 4
ORDER f3bd642f-8fa9-4d48-94e7-04bcbb39e49a buyer1 BUY 105 4 1772671494058
TRADE f3bd642f-8fa9-4d48-94e7-04bcbb39e49a 759faf99-a021-4608-bdc7-656bfa915a95 100 4 1772671494060
TRADE f3bd642f-8fa9-4d48-94e7-04bcbb39e49a 759faf99-a021-4608-bdc7-656bfa915a95 100 4
ORDER 9a5d71f3-1351-403f-a9f6-019f3a5657af buyer1 BUY 100 6
ORDER 9a5d71f3-1351-403f-a9f6-019f3a5657af buyer1 BUY 100 6 1772671494058
TRADE 9a5d71f3-1351-403f-a9f6-019f3a5657af 759faf99-a021-4608-bdc7-656bfa915a95 100 6 1772671494061
TRADE 9a5d71f3-1351-403f-a9f6-019f3a5657af 759faf99-a021-4608-bdc7-656bfa915a95 100 6
ORDER cd18202b-085c-44d6-a5b6-3598fe8494e6 seller1 SELL 100 10 1772752285238
ORDER cfe88003-6f8f-4a3a-8236-27b7c139f04d buyer1 BUY 105 4 1772752285262
TRADE cfe88003-6f8f-4a3a-8236-27b7c139f04d cd18202b-085c-44d6-a5b6-3598fe8494e6 100 4 1772752285262
ORDER 6b68b475-9229-4bc2-aa10-66298c6e9928 buyer2 BUY 100 6 1772752285264
TRADE 6b68b475-9229-4bc2-aa10-66298c6e9928 cd18202b-085c-44d6-a5b6-3598fe8494e6 100 6 1772752285264
ORDER 28e6dec6-2781-4ad0-8230-7cc1de99f41e seller1 SELL 100 10
ORDER 28e6dec6-2781-4ad0-8230-7cc1de99f41e seller1 SELL 100 10 1772752285268
ORDER 4e0a0c16-518b-42c4-b40b-4504645951d4 buyer1 BUY 105 4
ORDER 4e0a0c16-518b-42c4-b40b-4504645951d4 buyer1 BUY 105 4 1772752285268
TRADE 4e0a0c16-518b-42c4-b40b-4504645951d4 28e6dec6-2781-4ad0-8230-7cc1de99f41e 100 4 1772752285270
TRADE 4e0a0c16-518b-42c4-b40b-4504645951d4 28e6dec6-2781-4ad0-8230-7cc1de99f41e 100 4
ORDER ee65a46b-8063-4a87-b6bc-ee9301e48e35 buyer1 BUY 100 6
ORDER ee65a46b-8063-4a87-b6bc-ee9301e48e35 buyer1 BUY 100 6 1772752285268
TRADE ee65a46b-8063-4a87-b6bc-ee9301e48e35 28e6dec6-2781-4ad0-8230-7cc1de99f41e 100 6 1772752285270
TRADE ee65a46b-8063-4a87-b6bc-ee9301e48e35 28e6dec6-2781-4ad0-8230-7cc1de99f41e 100 6
ORDER_PLACED: c61d527c-d5a2-46cd-b7bd-1e2e7dd1813b
ORDER c61d527c-d5a2-46cd-b7bd-1e2e7dd1813b user123 BUY 150 10 1772754586115
ORDER_PLACED: 9f12d7ee-5ad2-4702-83fb-4fd4faa682fe
ORDER 9f12d7ee-5ad2-4702-83fb-4fd4faa682fe user123 BUY 150 10 1772755348807
ORDER_PLACED: 4cef0377-341d-4b13-8856-f44b1ad24656
ORDER 4cef0377-341d-4b13-8856-f44b1ad24656 user-seller SELL 150 10 1772756125478
ORDER_PLACED: 44655cad-3469-4cfb-899c-c1dacd78ccda
ORDER 44655cad-3469-4cfb-899c-c1dacd78ccda user1 BUY 100 10 1772756456024
ORDER_PLACED: a16f2f1b-2e4b-48f0-8a6f-7ce51f4bc94b
ORDER a16f2f1b-2e4b-48f0-8a6f-7ce51f4bc94b user-seller SELL 150 10 1772759912084
ORDER_PLACED: a1d913c4-317e-4f88-9c2e-05c2d422d7bb
ORDER a1d913c4-317e-4f88-9c2e-05c2d422d7bb user1 BUY 100 10 1772759987885
ORDER_PLACED: 3db5fb8c-f24b-4674-8a4b-cbadc7fede32
ORDER 3db5fb8c-f24b-4674-8a4b-cbadc7fede32 user-seller SELL 150 10 1772760831791
ORDER_PLACED: 562de0cc-8ba3-4264-8158-98904cbce14d
ORDER 562de0cc-8ba3-4264-8158-98904cbce14d user1 BUY 100 10 1772760849537
ORDER_PLACED: 9320ee7a-9fef-4449-bf80-f2c2ef83cc88
ORDER 9320ee7a-9fef-4449-bf80-f2c2ef83cc88 user-seller SELL 150 10 1772761342572
ORDER_PLACED: b7a13e53-93ee-46b0-8ddb-8fa9e26ebe5f
ORDER b7a13e53-93ee-46b0-8ddb-8fa9e26ebe5f user1 BUY 151 10 1772761362103
TRADE b7a13e53-93ee-46b0-8ddb-8fa9e26ebe5f 9320ee7a-9fef-4449-bf80-f2c2ef83cc88 150 10 1772761362107
TRADE_SETTLED: b7a13e53-93ee-46b0-8ddb-8fa9e26ebe5f <-> 9320ee7a-9fef-4449-bf80-f2c2ef83cc88
